TN:
SF:/home/romanze/www/nodechat/tests/routes.js
FN:8,(anonymous_1)
FNF:1
FNH:0
FNDA:0,(anonymous_1)
DA:1,1
DA:8,1
DA:9,0
DA:10,0
DA:11,0
DA:12,0
DA:13,0
DA:14,0
LF:8
LH:2
BRF:0
BRH:0
end_of_record
TN:
SF:/home/romanze/www/nodechat/tests/request.js
FN:1,Request
FN:7,(anonymous_2)
FN:8,(anonymous_3)
FN:14,(anonymous_4)
FNF:4
FNH:0
FNDA:0,Request
FNDA:0,(anonymous_2)
FNDA:0,(anonymous_3)
FNDA:0,(anonymous_4)
DA:1,1
DA:2,0
DA:7,0
DA:9,0
DA:10,0
DA:11,0
DA:12,0
DA:14,0
LF:8
LH:1
BRF:0
BRH:0
end_of_record
TN:
SF:/home/romanze/www/nodechat/tests/response.js
FN:1,Response
FN:4,(anonymous_2)
FN:5,(anonymous_3)
FNF:3
FNH:0
FNDA:0,Response
FNDA:0,(anonymous_2)
FNDA:0,(anonymous_3)
DA:1,1
DA:2,0
DA:4,0
DA:6,0
DA:7,0
LF:5
LH:1
BRF:0
BRH:0
end_of_record
